<?xml version="1.0" encoding="UTF-8"?>
<!-- Generated by org.testng.reporters.JUnitReportReporter -->
<testsuite hostname="DESKTOP-GDTADQ2" failures="0" tests="1" name="com.liveguru.user.TC_01_Register_Success_To_System" time="10.551" errors="0" timestamp="15 Sep 2022 17:18:56 GMT" skipped="0">
  <testcase classname="com.liveguru.user.TC_01_Register_Success_To_System" name="User_01_Register_Success_To_System" time="10.551"/>
</testsuite> <!-- com.liveguru.user.TC_01_Register_Success_To_System -->
